<?xml version="1.0" ?>
<!DOCTYPE coverage SYSTEM "http://cobertura.sourceforge.net/xml/coverage-04.dtd">
<coverage lines-valid="275" lines-covered="120" line-rate="0.4363" branches-valid="105" branches-covered="43" branch-rate="0.40950000000000003" timestamp="1731614763813" complexity="0" version="0.1">
  <sources>
    <source>/Users/alex/Documents/VillageTechTesting</source>
  </sources>
  <packages>
    <package name="components" line-rate="0.2" branch-rate="0">
      <classes>
        <class name="PatientTabs.js" filename="client/src/components/PatientTabs.js" line-rate="0.2" branch-rate="0">
          <methods>
            <method name="(anonymous_0)" hits="0" signature="()V">
              <lines>
                <line number="4" hits="0"/>
              </lines>
            </method>
            <method name="(anonymous_1)" hits="0" signature="()V">
              <lines>
                <line number="19" hits="0"/>
              </lines>
            </method>
          </methods>
          <lines>
            <line number="4" hits="1" branch="false"/>
            <line number="5" hits="0" branch="false"/>
            <line number="7" hits="0" branch="false"/>
            <line number="17" hits="0" branch="false"/>
            <line number="20" hits="0" branch="false"/>
          </lines>
        </class>
      </classes>
    </package>
    <package name="components.addAllergyModal" line-rate="0.46659999999999996" branch-rate="1">
      <classes>
        <class name="AddAllergyModal.js" filename="client/src/components/addAllergyModal/AddAllergyModal.js" line-rate="0.46659999999999996" branch-rate="1">
          <methods>
            <method name="(anonymous_0)" hits="13" signature="()V">
              <lines>
                <line number="4" hits="13"/>
              </lines>
            </method>
            <method name="(anonymous_1)" hits="0" signature="()V">
              <lines>
                <line number="8" hits="0"/>
              </lines>
            </method>
            <method name="(anonymous_2)" hits="0" signature="()V">
              <lines>
                <line number="19" hits="0"/>
              </lines>
            </method>
            <method name="(anonymous_3)" hits="0" signature="()V">
              <lines>
                <line number="36" hits="0"/>
              </lines>
            </method>
            <method name="(anonymous_4)" hits="0" signature="()V">
              <lines>
                <line number="46" hits="0"/>
              </lines>
            </method>
          </methods>
          <lines>
            <line number="4" hits="1" branch="false"/>
            <line number="5" hits="13" branch="false"/>
            <line number="6" hits="13" branch="false"/>
            <line number="8" hits="13" branch="false"/>
            <line number="9" hits="0" branch="false"/>
            <line number="14" hits="0" branch="false"/>
            <line number="15" hits="0" branch="false"/>
            <line number="16" hits="0" branch="false"/>
            <line number="19" hits="13" branch="false"/>
            <line number="20" hits="0" branch="false"/>
            <line number="21" hits="0" branch="false"/>
            <line number="24" hits="13" branch="true" condition-coverage="100% (2/2)"/>
            <line number="26" hits="12" branch="false"/>
            <line number="36" hits="0" branch="false"/>
            <line number="46" hits="0" branch="false"/>
          </lines>
        </class>
      </classes>
    </package>
    <package name="components.addEstimateModal" line-rate="0.43329999999999996" branch-rate="0.1">
      <classes>
        <class name="AddEstimateModal.js" filename="client/src/components/addEstimateModal/AddEstimateModal.js" line-rate="0.43329999999999996" branch-rate="0.1">
          <methods>
            <method name="(anonymous_0)" hits="2" signature="()V">
              <lines>
                <line number="5" hits="2"/>
              </lines>
            </method>
            <method name="(anonymous_1)" hits="1" signature="()V">
              <lines>
                <line number="17" hits="1"/>
              </lines>
            </method>
            <method name="(anonymous_2)" hits="1" signature="()V">
              <lines>
                <line number="19" hits="1"/>
              </lines>
            </method>
            <method name="(anonymous_3)" hits="1" signature="()V">
              <lines>
                <line number="25" hits="1"/>
              </lines>
            </method>
            <method name="(anonymous_4)" hits="0" signature="()V">
              <lines>
                <line number="48" hits="0"/>
              </lines>
            </method>
            <method name="(anonymous_5)" hits="0" signature="()V">
              <lines>
                <line number="50" hits="0"/>
              </lines>
            </method>
            <method name="(anonymous_6)" hits="0" signature="()V">
              <lines>
                <line number="53" hits="0"/>
              </lines>
            </method>
          </methods>
          <lines>
            <line number="5" hits="1" branch="false"/>
            <line number="6" hits="2" branch="false"/>
            <line number="7" hits="2" branch="false"/>
            <line number="15" hits="2" branch="false"/>
            <line number="17" hits="2" branch="false"/>
            <line number="18" hits="1" branch="false"/>
            <line number="19" hits="1" branch="false"/>
            <line number="25" hits="2" branch="false"/>
            <line number="26" hits="1" branch="true" condition-coverage="50% (1/2)"/>
            <line number="27" hits="0" branch="false"/>
            <line number="35" hits="0" branch="false"/>
            <line number="37" hits="1" branch="false"/>
            <line number="48" hits="2" branch="false"/>
            <line number="49" hits="0" branch="false"/>
            <line number="50" hits="0" branch="false"/>
            <line number="53" hits="2" branch="false"/>
            <line number="54" hits="0" branch="false"/>
            <line number="55" hits="0" branch="false"/>
            <line number="57" hits="0" branch="true" condition-coverage="0% (0/4)"/>
            <line number="58" hits="0" branch="false"/>
            <line number="59" hits="0" branch="false"/>
            <line number="63" hits="0" branch="false"/>
            <line number="74" hits="0" branch="true" condition-coverage="0% (0/2)"/>
            <line number="75" hits="0" branch="false"/>
            <line number="79" hits="0" branch="false"/>
            <line number="82" hits="0" branch="false"/>
            <line number="90" hits="0" branch="false"/>
            <line number="91" hits="0" branch="false"/>
            <line number="95" hits="2" branch="true" condition-coverage="50% (1/2)"/>
            <line number="97" hits="0" branch="false"/>
          </lines>
        </class>
      </classes>
    </package>
    <package name="components.addMedicationModal" line-rate="0.3846" branch-rate="0.5">
      <classes>
        <class name="AddMedicationModal.js" filename="client/src/components/addMedicationModal/AddMedicationModal.js" line-rate="0.3846" branch-rate="0.5">
          <methods>
            <method name="(anonymous_0)" hits="13" signature="()V">
              <lines>
                <line number="4" hits="13"/>
              </lines>
            </method>
            <method name="(anonymous_1)" hits="0" signature="()V">
              <lines>
                <line number="16" hits="0"/>
              </lines>
            </method>
            <method name="(anonymous_2)" hits="0" signature="()V">
              <lines>
                <line number="36" hits="0"/>
              </lines>
            </method>
            <method name="(anonymous_3)" hits="0" signature="()V">
              <lines>
                <line number="61" hits="0"/>
              </lines>
            </method>
            <method name="(anonymous_4)" hits="0" signature="()V">
              <lines>
                <line number="70" hits="0"/>
              </lines>
            </method>
            <method name="(anonymous_5)" hits="0" signature="()V">
              <lines>
                <line number="79" hits="0"/>
              </lines>
            </method>
            <method name="(anonymous_6)" hits="0" signature="()V">
              <lines>
                <line number="88" hits="0"/>
              </lines>
            </method>
            <method name="(anonymous_7)" hits="0" signature="()V">
              <lines>
                <line number="97" hits="0"/>
              </lines>
            </method>
            <method name="(anonymous_8)" hits="0" signature="()V">
              <lines>
                <line number="105" hits="0"/>
              </lines>
            </method>
            <method name="(anonymous_9)" hits="0" signature="()V">
              <lines>
                <line number="114" hits="0"/>
              </lines>
            </method>
            <method name="(anonymous_10)" hits="0" signature="()V">
              <lines>
                <line number="122" hits="0"/>
              </lines>
            </method>
            <method name="(anonymous_11)" hits="0" signature="()V">
              <lines>
                <line number="131" hits="0"/>
              </lines>
            </method>
            <method name="(anonymous_12)" hits="0" signature="()V">
              <lines>
                <line number="140" hits="0"/>
              </lines>
            </method>
          </methods>
          <lines>
            <line number="4" hits="1" branch="false"/>
            <line number="5" hits="13" branch="false"/>
            <line number="6" hits="13" branch="false"/>
            <line number="7" hits="13" branch="false"/>
            <line number="8" hits="13" branch="false"/>
            <line number="9" hits="13" branch="false"/>
            <line number="10" hits="13" branch="false"/>
            <line number="11" hits="13" branch="false"/>
            <line number="12" hits="13" branch="false"/>
            <line number="13" hits="13" branch="false"/>
            <line number="14" hits="13" branch="false"/>
            <line number="16" hits="13" branch="false"/>
            <line number="17" hits="0" branch="false"/>
            <line number="30" hits="0" branch="false"/>
            <line number="31" hits="0" branch="false"/>
            <line number="33" hits="0" branch="false"/>
            <line number="36" hits="13" branch="false"/>
            <line number="37" hits="0" branch="false"/>
            <line number="38" hits="0" branch="false"/>
            <line number="39" hits="0" branch="false"/>
            <line number="40" hits="0" branch="false"/>
            <line number="41" hits="0" branch="false"/>
            <line number="42" hits="0" branch="false"/>
            <line number="43" hits="0" branch="false"/>
            <line number="44" hits="0" branch="false"/>
            <line number="45" hits="0" branch="false"/>
            <line number="46" hits="0" branch="false"/>
            <line number="49" hits="13" branch="true" condition-coverage="100% (2/2)"/>
            <line number="51" hits="12" branch="false"/>
            <line number="61" hits="0" branch="false"/>
            <line number="70" hits="0" branch="false"/>
            <line number="79" hits="0" branch="false"/>
            <line number="88" hits="0" branch="false"/>
            <line number="97" hits="0" branch="false"/>
            <line number="105" hits="0" branch="false"/>
            <line number="114" hits="0" branch="false"/>
            <line number="122" hits="0" branch="false"/>
            <line number="131" hits="0" branch="false"/>
            <line number="140" hits="0" branch="false"/>
          </lines>
        </class>
      </classes>
    </package>
    <package name="components.addNoteModal" line-rate="0.46659999999999996" branch-rate="1">
      <classes>
        <class name="AddNoteModal.js" filename="client/src/components/addNoteModal/AddNoteModal.js" line-rate="0.46659999999999996" branch-rate="1">
          <methods>
            <method name="(anonymous_0)" hits="13" signature="()V">
              <lines>
                <line number="4" hits="13"/>
              </lines>
            </method>
            <method name="(anonymous_1)" hits="0" signature="()V">
              <lines>
                <line number="8" hits="0"/>
              </lines>
            </method>
            <method name="(anonymous_2)" hits="0" signature="()V">
              <lines>
                <line number="19" hits="0"/>
              </lines>
            </method>
            <method name="(anonymous_3)" hits="0" signature="()V">
              <lines>
                <line number="36" hits="0"/>
              </lines>
            </method>
            <method name="(anonymous_4)" hits="0" signature="()V">
              <lines>
                <line number="44" hits="0"/>
              </lines>
            </method>
          </methods>
          <lines>
            <line number="4" hits="1" branch="false"/>
            <line number="5" hits="13" branch="false"/>
            <line number="6" hits="13" branch="false"/>
            <line number="8" hits="13" branch="false"/>
            <line number="9" hits="0" branch="false"/>
            <line number="14" hits="0" branch="false"/>
            <line number="15" hits="0" branch="false"/>
            <line number="16" hits="0" branch="false"/>
            <line number="19" hits="13" branch="false"/>
            <line number="20" hits="0" branch="false"/>
            <line number="21" hits="0" branch="false"/>
            <line number="24" hits="13" branch="true" condition-coverage="100% (2/2)"/>
            <line number="26" hits="12" branch="false"/>
            <line number="36" hits="0" branch="false"/>
            <line number="44" hits="0" branch="false"/>
          </lines>
        </class>
      </classes>
    </package>
    <package name="components.addVitalModal" line-rate="0.4285" branch-rate="1">
      <classes>
        <class name="AddVitalModal.js" filename="client/src/components/addVitalModal/AddVitalModal.js" line-rate="0.4285" branch-rate="1">
          <methods>
            <method name="(anonymous_0)" hits="13" signature="()V">
              <lines>
                <line number="4" hits="13"/>
              </lines>
            </method>
            <method name="(anonymous_1)" hits="0" signature="()V">
              <lines>
                <line number="10" hits="0"/>
              </lines>
            </method>
            <method name="(anonymous_2)" hits="0" signature="()V">
              <lines>
                <line number="23" hits="0"/>
              </lines>
            </method>
            <method name="(anonymous_3)" hits="0" signature="()V">
              <lines>
                <line number="42" hits="0"/>
              </lines>
            </method>
            <method name="(anonymous_4)" hits="0" signature="()V">
              <lines>
                <line number="51" hits="0"/>
              </lines>
            </method>
            <method name="(anonymous_5)" hits="0" signature="()V">
              <lines>
                <line number="60" hits="0"/>
              </lines>
            </method>
            <method name="(anonymous_6)" hits="0" signature="()V">
              <lines>
                <line number="69" hits="0"/>
              </lines>
            </method>
          </methods>
          <lines>
            <line number="4" hits="1" branch="false"/>
            <line number="5" hits="13" branch="false"/>
            <line number="6" hits="13" branch="false"/>
            <line number="7" hits="13" branch="false"/>
            <line number="8" hits="13" branch="false"/>
            <line number="10" hits="13" branch="false"/>
            <line number="11" hits="0" branch="false"/>
            <line number="18" hits="0" branch="false"/>
            <line number="19" hits="0" branch="false"/>
            <line number="20" hits="0" branch="false"/>
            <line number="23" hits="13" branch="false"/>
            <line number="24" hits="0" branch="false"/>
            <line number="25" hits="0" branch="false"/>
            <line number="26" hits="0" branch="false"/>
            <line number="27" hits="0" branch="false"/>
            <line number="30" hits="13" branch="true" condition-coverage="100% (2/2)"/>
            <line number="32" hits="12" branch="false"/>
            <line number="42" hits="0" branch="false"/>
            <line number="51" hits="0" branch="false"/>
            <line number="60" hits="0" branch="false"/>
            <line number="69" hits="0" branch="false"/>
          </lines>
        </class>
      </classes>
    </package>
    <package name="components.patientSidebar" line-rate="0.8125" branch-rate="0.738">
      <classes>
        <class name="PatientSidebar.js" filename="client/src/components/patientSidebar/PatientSidebar.js" line-rate="0.8125" branch-rate="0.738">
          <methods>
            <method name="(anonymous_0)" hits="7" signature="()V">
              <lines>
                <line number="6" hits="7"/>
              </lines>
            </method>
            <method name="(anonymous_1)" hits="4" signature="()V">
              <lines>
                <line number="15" hits="4"/>
              </lines>
            </method>
            <method name="(anonymous_2)" hits="3" signature="()V">
              <lines>
                <line number="24" hits="3"/>
              </lines>
            </method>
            <method name="(anonymous_3)" hits="3" signature="()V">
              <lines>
                <line number="41" hits="3"/>
              </lines>
            </method>
            <method name="(anonymous_4)" hits="3" signature="()V">
              <lines>
                <line number="46" hits="3"/>
              </lines>
            </method>
            <method name="(anonymous_5)" hits="0" signature="()V">
              <lines>
                <line number="51" hits="0"/>
              </lines>
            </method>
            <method name="(anonymous_6)" hits="3" signature="()V">
              <lines>
                <line number="61" hits="3"/>
              </lines>
            </method>
            <method name="(anonymous_7)" hits="0" signature="()V">
              <lines>
                <line number="161" hits="0"/>
              </lines>
            </method>
            <method name="(anonymous_8)" hits="3" signature="()V">
              <lines>
                <line number="194" hits="3"/>
              </lines>
            </method>
          </methods>
          <lines>
            <line number="6" hits="2" branch="false"/>
            <line number="7" hits="7" branch="false"/>
            <line number="8" hits="7" branch="false"/>
            <line number="9" hits="7" branch="false"/>
            <line number="10" hits="7" branch="false"/>
            <line number="11" hits="7" branch="false"/>
            <line number="12" hits="7" branch="false"/>
            <line number="13" hits="7" branch="false"/>
            <line number="15" hits="7" branch="false"/>
            <line number="16" hits="4" branch="true" condition-coverage="100% (4/4)"/>
            <line number="17" hits="3" branch="false"/>
            <line number="18" hits="3" branch="false"/>
            <line number="19" hits="3" branch="false"/>
            <line number="20" hits="3" branch="false"/>
            <line number="24" hits="7" branch="false"/>
            <line number="25" hits="3" branch="false"/>
            <line number="26" hits="3" branch="false"/>
            <line number="33" hits="0" branch="true" condition-coverage="0% (0/2)"/>
            <line number="34" hits="0" branch="false"/>
            <line number="36" hits="3" branch="false"/>
            <line number="41" hits="7" branch="false"/>
            <line number="42" hits="3" branch="false"/>
            <line number="43" hits="3" branch="false"/>
            <line number="46" hits="7" branch="false"/>
            <line number="47" hits="3" branch="false"/>
            <line number="48" hits="3" branch="false"/>
            <line number="49" hits="2" branch="true" condition-coverage="50% (1/2)"/>
            <line number="51" hits="2" branch="false"/>
            <line number="52" hits="0" branch="false"/>
            <line number="53" hits="0" branch="false"/>
            <line number="55" hits="0" branch="false"/>
            <line number="57" hits="3" branch="false"/>
            <line number="61" hits="7" branch="false"/>
            <line number="62" hits="3" branch="false"/>
            <line number="63" hits="3" branch="false"/>
            <line number="69" hits="2" branch="true" condition-coverage="100% (2/2)"/>
            <line number="71" hits="1" branch="true" condition-coverage="75% (3/4)"/>
            <line number="72" hits="0" branch="false"/>
            <line number="78" hits="0" branch="true" condition-coverage="0% (0/2)"/>
            <line number="80" hits="0" branch="false"/>
            <line number="87" hits="2" branch="false"/>
            <line number="91" hits="7" branch="true" condition-coverage="100% (2/2)"/>
            <line number="92" hits="1" branch="false"/>
            <line number="93" hits="1" branch="false"/>
            <line number="105" hits="6" branch="false"/>
            <line number="107" hits="6" branch="false"/>
            <line number="162" hits="0" branch="false"/>
            <line number="195" hits="3" branch="false"/>
          </lines>
        </class>
      </classes>
    </package>
    <package name="context" line-rate="1" branch-rate="1">
      <classes>
        <class name="PatientContext.js" filename="client/src/context/PatientContext.js" line-rate="1" branch-rate="1">
          <methods>
            <method name="(anonymous_0)" hits="1" signature="()V">
              <lines>
                <line number="5" hits="1"/>
              </lines>
            </method>
            <method name="(anonymous_1)" hits="6" signature="()V">
              <lines>
                <line number="15" hits="6"/>
              </lines>
            </method>
          </methods>
          <lines>
            <line number="3" hits="2" branch="false"/>
            <line number="5" hits="2" branch="false"/>
            <line number="6" hits="1" branch="false"/>
            <line number="8" hits="1" branch="false"/>
            <line number="15" hits="2" branch="false"/>
            <line number="16" hits="6" branch="false"/>
            <line number="18" hits="5" branch="true" condition-coverage="100% (2/2)"/>
            <line number="19" hits="4" branch="false"/>
            <line number="22" hits="1" branch="false"/>
          </lines>
        </class>
      </classes>
    </package>
    <package name="pages.patients.financial" line-rate="0.215" branch-rate="0">
      <classes>
        <class name="Financial.js" filename="client/src/pages/patients/financial/Financial.js" line-rate="0.215" branch-rate="0">
          <methods>
            <method name="(anonymous_0)" hits="13" signature="()V">
              <lines>
                <line number="10" hits="13"/>
              </lines>
            </method>
            <method name="(anonymous_1)" hits="0" signature="()V">
              <lines>
                <line number="17" hits="0"/>
              </lines>
            </method>
            <method name="(anonymous_2)" hits="0" signature="()V">
              <lines>
                <line number="33" hits="0"/>
              </lines>
            </method>
            <method name="(anonymous_3)" hits="0" signature="()V">
              <lines>
                <line number="48" hits="0"/>
              </lines>
            </method>
            <method name="(anonymous_4)" hits="0" signature="()V">
              <lines>
                <line number="55" hits="0"/>
              </lines>
            </method>
            <method name="(anonymous_5)" hits="0" signature="()V">
              <lines>
                <line number="60" hits="0"/>
              </lines>
            </method>
            <method name="(anonymous_6)" hits="0" signature="()V">
              <lines>
                <line number="66" hits="0"/>
              </lines>
            </method>
            <method name="(anonymous_7)" hits="0" signature="()V">
              <lines>
                <line number="111" hits="0"/>
              </lines>
            </method>
            <method name="(anonymous_8)" hits="0" signature="()V">
              <lines>
                <line number="115" hits="0"/>
              </lines>
            </method>
            <method name="(anonymous_9)" hits="0" signature="()V">
              <lines>
                <line number="147" hits="0"/>
              </lines>
            </method>
            <method name="(anonymous_10)" hits="0" signature="()V">
              <lines>
                <line number="160" hits="0"/>
              </lines>
            </method>
            <method name="(anonymous_11)" hits="0" signature="()V">
              <lines>
                <line number="173" hits="0"/>
              </lines>
            </method>
            <method name="(anonymous_12)" hits="0" signature="()V">
              <lines>
                <line number="186" hits="0"/>
              </lines>
            </method>
            <method name="(anonymous_13)" hits="0" signature="()V">
              <lines>
                <line number="194" hits="0"/>
              </lines>
            </method>
            <method name="(anonymous_14)" hits="0" signature="()V">
              <lines>
                <line number="241" hits="0"/>
              </lines>
            </method>
            <method name="(anonymous_15)" hits="0" signature="()V">
              <lines>
                <line number="242" hits="0"/>
              </lines>
            </method>
            <method name="(anonymous_16)" hits="0" signature="()V">
              <lines>
                <line number="261" hits="0"/>
              </lines>
            </method>
            <method name="(anonymous_17)" hits="0" signature="()V">
              <lines>
                <line number="270" hits="0"/>
              </lines>
            </method>
            <method name="(anonymous_18)" hits="0" signature="()V">
              <lines>
                <line number="280" hits="0"/>
              </lines>
            </method>
            <method name="(anonymous_19)" hits="0" signature="()V">
              <lines>
                <line number="311" hits="0"/>
              </lines>
            </method>
            <method name="(anonymous_20)" hits="0" signature="()V">
              <lines>
                <line number="312" hits="0"/>
              </lines>
            </method>
            <method name="(anonymous_21)" hits="0" signature="()V">
              <lines>
                <line number="331" hits="0"/>
              </lines>
            </method>
            <method name="(anonymous_22)" hits="0" signature="()V">
              <lines>
                <line number="340" hits="0"/>
              </lines>
            </method>
            <method name="(anonymous_23)" hits="0" signature="()V">
              <lines>
                <line number="350" hits="0"/>
              </lines>
            </method>
            <method name="(anonymous_24)" hits="0" signature="()V">
              <lines>
                <line number="378" hits="0"/>
              </lines>
            </method>
            <method name="(anonymous_25)" hits="0" signature="()V">
              <lines>
                <line number="379" hits="0"/>
              </lines>
            </method>
            <method name="(anonymous_26)" hits="0" signature="()V">
              <lines>
                <line number="418" hits="0"/>
              </lines>
            </method>
            <method name="(anonymous_27)" hits="0" signature="()V">
              <lines>
                <line number="419" hits="0"/>
              </lines>
            </method>
          </methods>
          <lines>
            <line number="10" hits="1" branch="false"/>
            <line number="11" hits="13" branch="false"/>
            <line number="12" hits="13" branch="false"/>
            <line number="13" hits="12" branch="false"/>
            <line number="14" hits="12" branch="false"/>
            <line number="15" hits="12" branch="false"/>
            <line number="17" hits="12" branch="false"/>
            <line number="18" hits="0" branch="true" condition-coverage="0% (0/2)"/>
            <line number="19" hits="0" branch="false"/>
            <line number="24" hits="0" branch="true" condition-coverage="0% (0/2)"/>
            <line number="25" hits="0" branch="false"/>
            <line number="27" hits="0" branch="false"/>
            <line number="28" hits="0" branch="false"/>
            <line number="33" hits="12" branch="false"/>
            <line number="34" hits="0" branch="true" condition-coverage="0% (0/2)"/>
            <line number="35" hits="0" branch="false"/>
            <line number="40" hits="0" branch="true" condition-coverage="0% (0/2)"/>
            <line number="41" hits="0" branch="false"/>
            <line number="43" hits="0" branch="false"/>
            <line number="48" hits="12" branch="false"/>
            <line number="49" hits="0" branch="false"/>
            <line number="50" hits="0" branch="false"/>
            <line number="51" hits="0" branch="false"/>
            <line number="55" hits="12" branch="false"/>
            <line number="56" hits="0" branch="false"/>
            <line number="57" hits="0" branch="false"/>
            <line number="60" hits="12" branch="false"/>
            <line number="61" hits="0" branch="false"/>
            <line number="62" hits="0" branch="false"/>
            <line number="66" hits="12" branch="false"/>
            <line number="67" hits="0" branch="false"/>
            <line number="68" hits="0" branch="true" condition-coverage="0% (0/2)"/>
            <line number="70" hits="0" branch="false"/>
            <line number="82" hits="0" branch="true" condition-coverage="0% (0/2)"/>
            <line number="83" hits="0" branch="false"/>
            <line number="85" hits="0" branch="false"/>
            <line number="89" hits="0" branch="false"/>
            <line number="93" hits="0" branch="true" condition-coverage="0% (0/2)"/>
            <line number="94" hits="0" branch="false"/>
            <line number="96" hits="0" branch="false"/>
            <line number="100" hits="0" branch="false"/>
            <line number="102" hits="0" branch="false"/>
            <line number="111" hits="12" branch="false"/>
            <line number="112" hits="0" branch="false"/>
            <line number="115" hits="12" branch="false"/>
            <line number="116" hits="0" branch="false"/>
            <line number="126" hits="0" branch="true" condition-coverage="0% (0/2)"/>
            <line number="127" hits="0" branch="false"/>
            <line number="131" hits="0" branch="false"/>
            <line number="134" hits="0" branch="false"/>
            <line number="139" hits="0" branch="true" condition-coverage="0% (0/2)"/>
            <line number="140" hits="0" branch="false"/>
            <line number="142" hits="0" branch="false"/>
            <line number="143" hits="0" branch="false"/>
            <line number="147" hits="12" branch="false"/>
            <line number="148" hits="0" branch="false"/>
            <line number="153" hits="0" branch="true" condition-coverage="0% (0/2)"/>
            <line number="154" hits="0" branch="false"/>
            <line number="156" hits="0" branch="false"/>
            <line number="160" hits="12" branch="false"/>
            <line number="161" hits="0" branch="false"/>
            <line number="166" hits="0" branch="true" condition-coverage="0% (0/2)"/>
            <line number="167" hits="0" branch="false"/>
            <line number="169" hits="0" branch="false"/>
            <line number="173" hits="12" branch="false"/>
            <line number="174" hits="0" branch="false"/>
            <line number="179" hits="0" branch="true" condition-coverage="0% (0/2)"/>
            <line number="180" hits="0" branch="false"/>
            <line number="182" hits="0" branch="false"/>
            <line number="186" hits="12" branch="false"/>
            <line number="187" hits="0" branch="false"/>
            <line number="194" hits="12" branch="false"/>
            <line number="195" hits="0" branch="true" condition-coverage="0% (0/5)"/>
            <line number="197" hits="0" branch="false"/>
            <line number="199" hits="0" branch="false"/>
            <line number="201" hits="0" branch="false"/>
            <line number="203" hits="0" branch="false"/>
            <line number="205" hits="0" branch="false"/>
            <line number="209" hits="12" branch="false"/>
            <line number="241" hits="0" branch="false"/>
            <line number="243" hits="0" branch="false"/>
            <line number="261" hits="0" branch="false"/>
            <line number="271" hits="0" branch="false"/>
            <line number="280" hits="0" branch="false"/>
            <line number="311" hits="0" branch="false"/>
            <line number="313" hits="0" branch="false"/>
            <line number="331" hits="0" branch="false"/>
            <line number="341" hits="0" branch="false"/>
            <line number="350" hits="0" branch="false"/>
            <line number="378" hits="0" branch="false"/>
            <line number="380" hits="0" branch="false"/>
            <line number="418" hits="0" branch="false"/>
            <line number="420" hits="0" branch="false"/>
          </lines>
        </class>
      </classes>
    </package>
  </packages>
</coverage>
