TN:
SF:client/src/components/PatientTabs.js
FN:4,(anonymous_0)
FN:19,(anonymous_1)
FNF:2
FNH:0
FNDA:0,(anonymous_0)
FNDA:0,(anonymous_1)
DA:4,1
DA:5,0
DA:7,0
DA:17,0
DA:20,0
LF:5
LH:1
BRDA:23,0,0,0
BRDA:23,0,1,0
BRF:2
BRH:0
end_of_record
TN:
SF:client/src/components/addAllergyModal/AddAllergyModal.js
FN:4,(anonymous_0)
FN:8,(anonymous_1)
FN:19,(anonymous_2)
FN:36,(anonymous_3)
FN:46,(anonymous_4)
FNF:5
FNH:1
FNDA:13,(anonymous_0)
FNDA:0,(anonymous_1)
FNDA:0,(anonymous_2)
FNDA:0,(anonymous_3)
FNDA:0,(anonymous_4)
DA:4,1
DA:5,13
DA:6,13
DA:8,13
DA:9,0
DA:14,0
DA:15,0
DA:16,0
DA:19,13
DA:20,0
DA:21,0
DA:24,13
DA:26,12
DA:36,0
DA:46,0
LF:15
LH:7
BRDA:24,0,0,1
BRDA:24,0,1,12
BRF:2
BRH:2
end_of_record
TN:
SF:client/src/components/addEstimateModal/AddEstimateModal.js
FN:5,(anonymous_0)
FN:17,(anonymous_1)
FN:19,(anonymous_2)
FN:25,(anonymous_3)
FN:48,(anonymous_4)
FN:50,(anonymous_5)
FN:53,(anonymous_6)
FNF:7
FNH:4
FNDA:2,(anonymous_0)
FNDA:1,(anonymous_1)
FNDA:1,(anonymous_2)
FNDA:1,(anonymous_3)
FNDA:0,(anonymous_4)
FNDA:0,(anonymous_5)
FNDA:0,(anonymous_6)
DA:5,1
DA:6,2
DA:7,2
DA:15,2
DA:17,2
DA:18,1
DA:19,1
DA:25,2
DA:26,1
DA:27,0
DA:35,0
DA:37,1
DA:48,2
DA:49,0
DA:50,0
DA:53,2
DA:54,0
DA:55,0
DA:57,0
DA:58,0
DA:59,0
DA:63,0
DA:74,0
DA:75,0
DA:79,0
DA:82,0
DA:90,0
DA:91,0
DA:95,2
DA:97,0
LF:30
LH:13
BRDA:26,0,0,0
BRDA:26,0,1,1
BRDA:57,1,0,0
BRDA:57,1,1,0
BRDA:57,2,0,0
BRDA:57,2,1,0
BRDA:67,3,0,0
BRDA:67,3,1,0
BRDA:74,4,0,0
BRDA:74,4,1,0
BRDA:95,5,0,2
BRDA:95,5,1,0
BRDA:100,6,0,0
BRDA:100,6,1,0
BRDA:101,7,0,0
BRDA:101,7,1,0
BRDA:104,8,0,0
BRDA:104,8,1,0
BRDA:170,9,0,0
BRDA:170,9,1,0
BRF:20
BRH:2
end_of_record
TN:
SF:client/src/components/addMedicationModal/AddMedicationModal.js
FN:4,(anonymous_0)
FN:16,(anonymous_1)
FN:36,(anonymous_2)
FN:61,(anonymous_3)
FN:70,(anonymous_4)
FN:79,(anonymous_5)
FN:88,(anonymous_6)
FN:97,(anonymous_7)
FN:105,(anonymous_8)
FN:114,(anonymous_9)
FN:122,(anonymous_10)
FN:131,(anonymous_11)
FN:140,(anonymous_12)
FNF:13
FNH:1
FNDA:13,(anonymous_0)
FNDA:0,(anonymous_1)
FNDA:0,(anonymous_2)
FNDA:0,(anonymous_3)
FNDA:0,(anonymous_4)
FNDA:0,(anonymous_5)
FNDA:0,(anonymous_6)
FNDA:0,(anonymous_7)
FNDA:0,(anonymous_8)
FNDA:0,(anonymous_9)
FNDA:0,(anonymous_10)
FNDA:0,(anonymous_11)
FNDA:0,(anonymous_12)
DA:4,1
DA:5,13
DA:6,13
DA:7,13
DA:8,13
DA:9,13
DA:10,13
DA:11,13
DA:12,13
DA:13,13
DA:14,13
DA:16,13
DA:17,0
DA:30,0
DA:31,0
DA:33,0
DA:36,13
DA:37,0
DA:38,0
DA:39,0
DA:40,0
DA:41,0
DA:42,0
DA:43,0
DA:44,0
DA:45,0
DA:46,0
DA:49,13
DA:51,12
DA:61,0
DA:70,0
DA:79,0
DA:88,0
DA:97,0
DA:105,0
DA:114,0
DA:122,0
DA:131,0
DA:140,0
LF:39
LH:15
BRDA:26,0,0,0
BRDA:26,0,1,0
BRDA:49,1,0,1
BRDA:49,1,1,12
BRF:4
BRH:2
end_of_record
TN:
SF:client/src/components/addNoteModal/AddNoteModal.js
FN:4,(anonymous_0)
FN:8,(anonymous_1)
FN:19,(anonymous_2)
FN:36,(anonymous_3)
FN:44,(anonymous_4)
FNF:5
FNH:1
FNDA:13,(anonymous_0)
FNDA:0,(anonymous_1)
FNDA:0,(anonymous_2)
FNDA:0,(anonymous_3)
FNDA:0,(anonymous_4)
DA:4,1
DA:5,13
DA:6,13
DA:8,13
DA:9,0
DA:14,0
DA:15,0
DA:16,0
DA:19,13
DA:20,0
DA:21,0
DA:24,13
DA:26,12
DA:36,0
DA:44,0
LF:15
LH:7
BRDA:24,0,0,1
BRDA:24,0,1,12
BRF:2
BRH:2
end_of_record
TN:
SF:client/src/components/addVitalModal/AddVitalModal.js
FN:4,(anonymous_0)
FN:10,(anonymous_1)
FN:23,(anonymous_2)
FN:42,(anonymous_3)
FN:51,(anonymous_4)
FN:60,(anonymous_5)
FN:69,(anonymous_6)
FNF:7
FNH:1
FNDA:13,(anonymous_0)
FNDA:0,(anonymous_1)
FNDA:0,(anonymous_2)
FNDA:0,(anonymous_3)
FNDA:0,(anonymous_4)
FNDA:0,(anonymous_5)
FNDA:0,(anonymous_6)
DA:4,1
DA:5,13
DA:6,13
DA:7,13
DA:8,13
DA:10,13
DA:11,0
DA:18,0
DA:19,0
DA:20,0
DA:23,13
DA:24,0
DA:25,0
DA:26,0
DA:27,0
DA:30,13
DA:32,12
DA:42,0
DA:51,0
DA:60,0
DA:69,0
LF:21
LH:9
BRDA:30,0,0,1
BRDA:30,0,1,12
BRF:2
BRH:2
end_of_record
TN:
SF:client/src/components/patientSidebar/PatientSidebar.js
FN:6,(anonymous_0)
FN:15,(anonymous_1)
FN:24,(anonymous_2)
FN:41,(anonymous_3)
FN:46,(anonymous_4)
FN:51,(anonymous_5)
FN:61,(anonymous_6)
FN:161,(anonymous_7)
FN:194,(anonymous_8)
FNF:9
FNH:7
FNDA:7,(anonymous_0)
FNDA:4,(anonymous_1)
FNDA:3,(anonymous_2)
FNDA:3,(anonymous_3)
FNDA:3,(anonymous_4)
FNDA:0,(anonymous_5)
FNDA:3,(anonymous_6)
FNDA:0,(anonymous_7)
FNDA:3,(anonymous_8)
DA:6,2
DA:7,7
DA:8,7
DA:9,7
DA:10,7
DA:11,7
DA:12,7
DA:13,7
DA:15,7
DA:16,4
DA:17,3
DA:18,3
DA:19,3
DA:20,3
DA:24,7
DA:25,3
DA:26,3
DA:33,0
DA:34,0
DA:36,3
DA:41,7
DA:42,3
DA:43,3
DA:46,7
DA:47,3
DA:48,3
DA:49,2
DA:51,2
DA:52,0
DA:53,0
DA:55,0
DA:57,3
DA:61,7
DA:62,3
DA:63,3
DA:69,2
DA:71,1
DA:72,0
DA:78,0
DA:80,0
DA:87,2
DA:91,7
DA:92,1
DA:93,1
DA:105,6
DA:107,6
DA:162,0
DA:195,3
LF:48
LH:39
BRDA:16,0,0,3
BRDA:16,0,1,1
BRDA:16,1,0,4
BRDA:16,1,1,3
BRDA:33,2,0,0
BRDA:33,2,1,0
BRDA:49,3,0,0
BRDA:49,3,1,2
BRDA:69,4,0,1
BRDA:69,4,1,1
BRDA:71,5,0,0
BRDA:71,5,1,1
BRDA:71,6,0,1
BRDA:71,6,1,1
BRDA:78,7,0,0
BRDA:78,7,1,0
BRDA:91,8,0,1
BRDA:91,8,1,6
BRDA:97,9,0,0
BRDA:98,10,0,0
BRDA:99,11,0,2
BRDA:100,12,0,2
BRDA:101,13,0,2
BRDA:102,14,0,2
BRDA:103,15,0,2
BRDA:104,16,0,2
BRDA:112,17,0,6
BRDA:112,17,1,2
BRDA:153,18,0,6
BRDA:153,18,1,6
BRDA:154,19,0,6
BRDA:154,19,1,6
BRDA:155,20,0,6
BRDA:155,20,1,6
BRDA:160,21,0,0
BRDA:160,21,1,6
BRDA:178,22,0,0
BRDA:178,22,1,0
BRDA:193,23,0,3
BRDA:193,23,1,3
BRDA:208,24,0,6
BRDA:208,24,1,2
BRF:42
BRH:31
end_of_record
TN:
SF:client/src/context/PatientContext.js
FN:5,(anonymous_0)
FN:15,(anonymous_1)
FNF:2
FNH:2
FNDA:1,(anonymous_0)
FNDA:6,(anonymous_1)
DA:3,2
DA:5,2
DA:6,1
DA:8,1
DA:15,2
DA:16,6
DA:18,5
DA:19,4
DA:22,1
LF:9
LH:9
BRDA:18,0,0,4
BRDA:18,0,1,1
BRF:2
BRH:2
end_of_record
TN:
SF:client/src/pages/patients/financial/Financial.js
FN:10,(anonymous_0)
FN:17,(anonymous_1)
FN:33,(anonymous_2)
FN:48,(anonymous_3)
FN:55,(anonymous_4)
FN:60,(anonymous_5)
FN:66,(anonymous_6)
FN:111,(anonymous_7)
FN:115,(anonymous_8)
FN:147,(anonymous_9)
FN:160,(anonymous_10)
FN:173,(anonymous_11)
FN:186,(anonymous_12)
FN:194,(anonymous_13)
FN:241,(anonymous_14)
FN:242,(anonymous_15)
FN:261,(anonymous_16)
FN:270,(anonymous_17)
FN:280,(anonymous_18)
FN:311,(anonymous_19)
FN:312,(anonymous_20)
FN:331,(anonymous_21)
FN:340,(anonymous_22)
FN:350,(anonymous_23)
FN:378,(anonymous_24)
FN:379,(anonymous_25)
FN:418,(anonymous_26)
FN:419,(anonymous_27)
FNF:28
FNH:1
FNDA:13,(anonymous_0)
FNDA:0,(anonymous_1)
FNDA:0,(anonymous_2)
FNDA:0,(anonymous_3)
FNDA:0,(anonymous_4)
FNDA:0,(anonymous_5)
FNDA:0,(anonymous_6)
FNDA:0,(anonymous_7)
FNDA:0,(anonymous_8)
FNDA:0,(anonymous_9)
FNDA:0,(anonymous_10)
FNDA:0,(anonymous_11)
FNDA:0,(anonymous_12)
FNDA:0,(anonymous_13)
FNDA:0,(anonymous_14)
FNDA:0,(anonymous_15)
FNDA:0,(anonymous_16)
FNDA:0,(anonymous_17)
FNDA:0,(anonymous_18)
FNDA:0,(anonymous_19)
FNDA:0,(anonymous_20)
FNDA:0,(anonymous_21)
FNDA:0,(anonymous_22)
FNDA:0,(anonymous_23)
FNDA:0,(anonymous_24)
FNDA:0,(anonymous_25)
FNDA:0,(anonymous_26)
FNDA:0,(anonymous_27)
DA:10,1
DA:11,13
DA:12,13
DA:13,12
DA:14,12
DA:15,12
DA:17,12
DA:18,0
DA:19,0
DA:24,0
DA:25,0
DA:27,0
DA:28,0
DA:33,12
DA:34,0
DA:35,0
DA:40,0
DA:41,0
DA:43,0
DA:48,12
DA:49,0
DA:50,0
DA:51,0
DA:55,12
DA:56,0
DA:57,0
DA:60,12
DA:61,0
DA:62,0
DA:66,12
DA:67,0
DA:68,0
DA:70,0
DA:82,0
DA:83,0
DA:85,0
DA:89,0
DA:93,0
DA:94,0
DA:96,0
DA:100,0
DA:102,0
DA:111,12
DA:112,0
DA:115,12
DA:116,0
DA:126,0
DA:127,0
DA:131,0
DA:134,0
DA:139,0
DA:140,0
DA:142,0
DA:143,0
DA:147,12
DA:148,0
DA:153,0
DA:154,0
DA:156,0
DA:160,12
DA:161,0
DA:166,0
DA:167,0
DA:169,0
DA:173,12
DA:174,0
DA:179,0
DA:180,0
DA:182,0
DA:186,12
DA:187,0
DA:194,12
DA:195,0
DA:197,0
DA:199,0
DA:201,0
DA:203,0
DA:205,0
DA:209,12
DA:241,0
DA:243,0
DA:261,0
DA:271,0
DA:280,0
DA:311,0
DA:313,0
DA:331,0
DA:341,0
DA:350,0
DA:378,0
DA:380,0
DA:418,0
DA:420,0
LF:93
LH:20
BRDA:18,0,0,0
BRDA:18,0,1,0
BRDA:24,1,0,0
BRDA:24,1,1,0
BRDA:34,2,0,0
BRDA:34,2,1,0
BRDA:40,3,0,0
BRDA:40,3,1,0
BRDA:68,4,0,0
BRDA:68,4,1,0
BRDA:82,5,0,0
BRDA:82,5,1,0
BRDA:93,6,0,0
BRDA:93,6,1,0
BRDA:126,7,0,0
BRDA:126,7,1,0
BRDA:139,8,0,0
BRDA:139,8,1,0
BRDA:153,9,0,0
BRDA:153,9,1,0
BRDA:166,10,0,0
BRDA:166,10,1,0
BRDA:179,11,0,0
BRDA:179,11,1,0
BRDA:195,12,0,0
BRDA:195,12,1,0
BRDA:195,12,2,0
BRDA:195,12,3,0
BRDA:195,12,4,0
BRF:29
BRH:0
end_of_record
