TN:
SF:client/src/components/PatientTabs.js
FN:4,(anonymous_0)
FN:19,(anonymous_1)
FNF:2
FNH:0
FNDA:0,(anonymous_0)
FNDA:0,(anonymous_1)
DA:4,1
DA:5,0
DA:7,0
DA:17,0
DA:20,0
LF:5
LH:1
BRDA:23,0,0,0
BRDA:23,0,1,0
BRF:2
BRH:0
end_of_record
TN:
SF:client/src/components/addAllergyModal/AddAllergyModal.js
FN:4,(anonymous_0)
FN:8,(anonymous_1)
FN:19,(anonymous_2)
FN:36,(anonymous_3)
FN:46,(anonymous_4)
FNF:5
FNH:1
FNDA:13,(anonymous_0)
FNDA:0,(anonymous_1)
FNDA:0,(anonymous_2)
FNDA:0,(anonymous_3)
FNDA:0,(anonymous_4)
DA:4,1
DA:5,13
DA:6,13
DA:8,13
DA:9,0
DA:14,0
DA:15,0
DA:16,0
DA:19,13
DA:20,0
DA:21,0
DA:24,13
DA:26,12
DA:36,0
DA:46,0
LF:15
LH:7
BRDA:24,0,0,1
BRDA:24,0,1,12
BRF:2
BRH:2
end_of_record
TN:
SF:client/src/components/addEstimateModal/AddEstimateModal.js
FN:5,(anonymous_0)
FN:17,(anonymous_1)
FN:19,(anonymous_2)
FN:25,(anonymous_3)
FN:48,(anonymous_4)
FN:50,(anonymous_5)
FN:53,(anonymous_6)
FNF:7
FNH:4
FNDA:2,(anonymous_0)
FNDA:1,(anonymous_1)
FNDA:1,(anonymous_2)
FNDA:1,(anonymous_3)
FNDA:0,(anonymous_4)
FNDA:0,(anonymous_5)
FNDA:0,(anonymous_6)
DA:5,1
DA:6,2
DA:7,2
DA:15,2
DA:17,2
DA:18,1
DA:19,1
DA:25,2
DA:26,1
DA:27,0
DA:35,0
DA:37,1
DA:48,2
DA:49,0
DA:50,0
DA:53,2
DA:54,0
DA:55,0
DA:57,0
DA:58,0
DA:59,0
DA:63,0
DA:74,0
DA:75,0
DA:79,0
DA:82,0
DA:90,0
DA:91,0
DA:95,2
DA:97,0
LF:30
LH:13
BRDA:26,0,0,0
BRDA:26,0,1,1
BRDA:57,1,0,0
BRDA:57,1,1,0
BRDA:57,2,0,0
BRDA:57,2,1,0
BRDA:67,3,0,0
BRDA:67,3,1,0
BRDA:74,4,0,0
BRDA:74,4,1,0
BRDA:95,5,0,2
BRDA:95,5,1,0
BRDA:100,6,0,0
BRDA:100,6,1,0
BRDA:101,7,0,0
BRDA:101,7,1,0
BRDA:104,8,0,0
BRDA:104,8,1,0
BRDA:170,9,0,0
BRDA:170,9,1,0
BRF:20
BRH:2
end_of_record
TN:
SF:client/src/components/addMedicationModal/AddMedicationModal.js
FN:4,(anonymous_0)
FN:16,(anonymous_1)
FN:36,(anonymous_2)
FN:61,(anonymous_3)
FN:70,(anonymous_4)
FN:79,(anonymous_5)
FN:88,(anonymous_6)
FN:97,(anonymous_7)
FN:105,(anonymous_8)
FN:114,(anonymous_9)
FN:122,(anonymous_10)
FN:131,(anonymous_11)
FN:140,(anonymous_12)
FNF:13
FNH:1
FNDA:13,(anonymous_0)
FNDA:0,(anonymous_1)
FNDA:0,(anonymous_2)
FNDA:0,(anonymous_3)
FNDA:0,(anonymous_4)
FNDA:0,(anonymous_5)
FNDA:0,(anonymous_6)
FNDA:0,(anonymous_7)
FNDA:0,(anonymous_8)
FNDA:0,(anonymous_9)
FNDA:0,(anonymous_10)
FNDA:0,(anonymous_11)
FNDA:0,(anonymous_12)
DA:4,1
DA:5,13
DA:6,13
DA:7,13
DA:8,13
DA:9,13
DA:10,13
DA:11,13
DA:12,13
DA:13,13
DA:14,13
DA:16,13
DA:17,0
DA:30,0
DA:31,0
DA:33,0
DA:36,13
DA:37,0
DA:38,0
DA:39,0
DA:40,0
DA:41,0
DA:42,0
DA:43,0
DA:44,0
DA:45,0
DA:46,0
DA:49,13
DA:51,12
DA:61,0
DA:70,0
DA:79,0
DA:88,0
DA:97,0
DA:105,0
DA:114,0
DA:122,0
DA:131,0
DA:140,0
LF:39
LH:15
BRDA:26,0,0,0
BRDA:26,0,1,0
BRDA:49,1,0,1
BRDA:49,1,1,12
BRF:4
BRH:2
end_of_record
TN:
SF:client/src/components/addNoteModal/AddNoteModal.js
FN:4,(anonymous_0)
FN:8,(anonymous_1)
FN:19,(anonymous_2)
FN:36,(anonymous_3)
FN:44,(anonymous_4)
FNF:5
FNH:1
FNDA:13,(anonymous_0)
FNDA:0,(anonymous_1)
FNDA:0,(anonymous_2)
FNDA:0,(anonymous_3)
FNDA:0,(anonymous_4)
DA:4,1
DA:5,13
DA:6,13
DA:8,13
DA:9,0
DA:14,0
DA:15,0
DA:16,0
DA:19,13
DA:20,0
DA:21,0
DA:24,13
DA:26,12
DA:36,0
DA:44,0
LF:15
LH:7
BRDA:24,0,0,1
BRDA:24,0,1,12
BRF:2
BRH:2
end_of_record
TN:
SF:client/src/components/addVitalModal/AddVitalModal.js
FN:4,(anonymous_0)
FN:10,(anonymous_1)
FN:23,(anonymous_2)
FN:42,(anonymous_3)
FN:51,(anonymous_4)
FN:60,(anonymous_5)
FN:69,(anonymous_6)
FNF:7
FNH:1
FNDA:13,(anonymous_0)
FNDA:0,(anonymous_1)
FNDA:0,(anonymous_2)
FNDA:0,(anonymous_3)
FNDA:0,(anonymous_4)
FNDA:0,(anonymous_5)
FNDA:0,(anonymous_6)
DA:4,1
DA:5,13
DA:6,13
DA:7,13
DA:8,13
DA:10,13
DA:11,0
DA:18,0
DA:19,0
DA:20,0
DA:23,13
DA:24,0
DA:25,0
DA:26,0
DA:27,0
DA:30,13
DA:32,12
DA:42,0
DA:51,0
DA:60,0
DA:69,0
LF:21
LH:9
BRDA:30,0,0,1
BRDA:30,0,1,12
BRF:2
BRH:2
end_of_record
TN:
SF:client/src/components/patientSidebar/PatientSidebar.js
FN:6,(anonymous_0)
FN:15,(anonymous_1)
FN:24,(anonymous_2)
FN:41,(anonymous_3)
FN:46,(anonymous_4)
FN:51,(anonymous_5)
FN:61,(anonymous_6)
FN:161,(anonymous_7)
FN:194,(anonymous_8)
FNF:9
FNH:7
FNDA:7,(anonymous_0)
FNDA:4,(anonymous_1)
FNDA:3,(anonymous_2)
FNDA:3,(anonymous_3)
FNDA:3,(anonymous_4)
FNDA:0,(anonymous_5)
FNDA:3,(anonymous_6)
FNDA:0,(anonymous_7)
FNDA:3,(anonymous_8)
DA:6,2
DA:7,7
DA:8,7
DA:9,7
DA:10,7
DA:11,7
DA:12,7
DA:13,7
DA:15,7
DA:16,4
DA:17,3
DA:18,3
DA:19,3
DA:20,3
DA:24,7
DA:25,3
DA:26,3
DA:33,0
DA:34,0
DA:36,3
DA:41,7
DA:42,3
DA:43,3
DA:46,7
DA:47,3
DA:48,3
DA:49,2
DA:51,2
DA:52,0
DA:53,0
DA:55,0
DA:57,3
DA:61,7
DA:62,3
DA:63,3
DA:69,2
DA:71,1
DA:72,0
DA:78,0
DA:80,0
DA:87,2
DA:91,7
DA:92,1
DA:93,1
DA:105,6
DA:107,6
DA:162,0
DA:195,3
LF:48
LH:39
BRDA:16,0,0,3
BRDA:16,0,1,1
BRDA:16,1,0,4
BRDA:16,1,1,3
BRDA:33,2,0,0
BRDA:33,2,1,0
BRDA:49,3,0,0
BRDA:49,3,1,2
BRDA:69,4,0,1
BRDA:69,4,1,1
BRDA:71,5,0,0
BRDA:71,5,1,1
BRDA:71,6,0,1
BRDA:71,6,1,1
BRDA:78,7,0,0
BRDA:78,7,1,0
BRDA:91,8,0,1
BRDA:91,8,1,6
BRDA:97,9,0,0
BRDA:98,10,0,0
BRDA:99,11,0,2
BRDA:100,12,0,2
BRDA:101,13,0,2
BRDA:102,14,0,2
BRDA:103,15,0,2
BRDA:104,16,0,2
BRDA:112,17,0,6
BRDA:112,17,1,2
BRDA:153,18,0,6
BRDA:153,18,1,6
BRDA:154,19,0,6
BRDA:154,19,1,6
BRDA:155,20,0,6
BRDA:155,20,1,6
BRDA:160,21,0,0
BRDA:160,21,1,6
BRDA:178,22,0,0
BRDA:178,22,1,0
BRDA:193,23,0,3
BRDA:193,23,1,3
BRDA:208,24,0,6
BRDA:208,24,1,2
BRF:42
BRH:31
end_of_record
TN:
SF:client/src/context/PatientContext.js
FN:5,(anonymous_0)
FN:15,(anonymous_1)
FNF:2
FNH:2
FNDA:1,(anonymous_0)
FNDA:6,(anonymous_1)
DA:3,2
DA:5,2
DA:6,1
DA:8,1
DA:15,2
DA:16,6
DA:18,5
DA:19,4
DA:22,1
LF:9
LH:9
BRDA:18,0,0,4
BRDA:18,0,1,1
BRF:2
BRH:2
end_of_record
TN:
SF:client/src/pages/contacts/Contacts.js
FN:10,(anonymous_0)
FN:34,(anonymous_1)
FN:38,(anonymous_2)
FN:43,(anonymous_3)
FN:51,(anonymous_4)
FN:53,(anonymous_5)
FN:57,(anonymous_6)
FN:58,(anonymous_7)
FN:65,(anonymous_8)
FN:67,(anonymous_9)
FN:77,(anonymous_10)
FN:78,(anonymous_11)
FN:87,(anonymous_12)
FN:99,(anonymous_13)
FN:100,(anonymous_14)
FN:109,(anonymous_15)
FN:118,(anonymous_16)
FN:133,(anonymous_17)
FN:148,(anonymous_18)
FN:163,(anonymous_19)
FN:168,(anonymous_20)
FN:174,(anonymous_21)
FN:199,(anonymous_22)
FN:207,(anonymous_23)
FN:213,(anonymous_24)
FN:231,(anonymous_25)
FN:232,(anonymous_26)
FN:239,(anonymous_27)
FN:240,(anonymous_28)
FN:254,(anonymous_29)
FN:256,(anonymous_30)
FN:259,(anonymous_31)
FN:264,(anonymous_32)
FN:269,(anonymous_33)
FN:274,(anonymous_34)
FN:289,(anonymous_35)
FN:308,(anonymous_36)
FN:312,(anonymous_37)
FN:324,(anonymous_38)
FN:398,(anonymous_39)
FN:411,(anonymous_40)
FN:415,(anonymous_41)
FN:422,(anonymous_42)
FN:453,(anonymous_43)
FN:454,(anonymous_44)
FN:481,(anonymous_45)
FN:481,(anonymous_46)
FN:491,(anonymous_47)
FN:491,(anonymous_48)
FN:523,(anonymous_49)
FNF:50
FNH:1
FNDA:28,(anonymous_0)
FNDA:0,(anonymous_1)
FNDA:0,(anonymous_2)
FNDA:0,(anonymous_3)
FNDA:0,(anonymous_4)
FNDA:0,(anonymous_5)
FNDA:0,(anonymous_6)
FNDA:0,(anonymous_7)
FNDA:0,(anonymous_8)
FNDA:0,(anonymous_9)
FNDA:0,(anonymous_10)
FNDA:0,(anonymous_11)
FNDA:0,(anonymous_12)
FNDA:0,(anonymous_13)
FNDA:0,(anonymous_14)
FNDA:0,(anonymous_15)
FNDA:0,(anonymous_16)
FNDA:0,(anonymous_17)
FNDA:0,(anonymous_18)
FNDA:0,(anonymous_19)
FNDA:0,(anonymous_20)
FNDA:0,(anonymous_21)
FNDA:0,(anonymous_22)
FNDA:0,(anonymous_23)
FNDA:0,(anonymous_24)
FNDA:0,(anonymous_25)
FNDA:0,(anonymous_26)
FNDA:0,(anonymous_27)
FNDA:0,(anonymous_28)
FNDA:0,(anonymous_29)
FNDA:0,(anonymous_30)
FNDA:0,(anonymous_31)
FNDA:0,(anonymous_32)
FNDA:0,(anonymous_33)
FNDA:0,(anonymous_34)
FNDA:0,(anonymous_35)
FNDA:0,(anonymous_36)
FNDA:0,(anonymous_37)
FNDA:0,(anonymous_38)
FNDA:0,(anonymous_39)
FNDA:0,(anonymous_40)
FNDA:0,(anonymous_41)
FNDA:0,(anonymous_42)
FNDA:0,(anonymous_43)
FNDA:0,(anonymous_44)
FNDA:0,(anonymous_45)
FNDA:0,(anonymous_46)
FNDA:0,(anonymous_47)
FNDA:0,(anonymous_48)
FNDA:0,(anonymous_49)
DA:10,1
DA:11,28
DA:12,28
DA:13,28
DA:14,28
DA:15,28
DA:16,28
DA:17,28
DA:18,28
DA:19,28
DA:20,28
DA:21,28
DA:22,28
DA:23,28
DA:24,28
DA:25,28
DA:26,28
DA:27,28
DA:28,28
DA:29,28
DA:30,28
DA:31,28
DA:32,28
DA:34,28
DA:35,0
DA:38,28
DA:39,0
DA:40,0
DA:43,28
DA:44,0
DA:45,0
DA:46,0
DA:47,0
DA:51,28
DA:52,0
DA:53,0
DA:57,28
DA:58,0
DA:59,0
DA:62,0
DA:65,28
DA:67,28
DA:68,0
DA:69,0
DA:75,0
DA:77,0
DA:78,0
DA:80,0
DA:82,0
DA:83,0
DA:87,28
DA:88,0
DA:90,0
DA:91,0
DA:92,0
DA:97,0
DA:99,0
DA:100,0
DA:101,0
DA:102,0
DA:103,0
DA:106,0
DA:109,0
DA:112,0
DA:113,0
DA:118,28
DA:119,0
DA:120,0
DA:125,0
DA:126,0
DA:128,0
DA:129,0
DA:133,28
DA:134,0
DA:135,0
DA:140,0
DA:141,0
DA:143,0
DA:144,0
DA:148,28
DA:149,0
DA:150,0
DA:155,0
DA:156,0
DA:158,0
DA:159,0
DA:163,28
DA:164,0
DA:165,0
DA:168,28
DA:169,0
DA:170,0
DA:174,28
DA:175,0
DA:176,0
DA:177,0
DA:178,0
DA:179,0
DA:180,0
DA:182,0
DA:186,0
DA:187,0
DA:190,0
DA:194,0
DA:195,0
DA:198,0
DA:199,0
DA:201,0
DA:202,0
DA:207,28
DA:208,0
DA:209,0
DA:210,0
DA:213,28
DA:214,0
DA:215,0
DA:216,0
DA:219,0
DA:229,0
DA:231,0
DA:232,0
DA:233,0
DA:237,0
DA:239,0
DA:240,0
DA:241,0
DA:245,0
DA:246,0
DA:247,0
DA:249,0
DA:250,0
DA:254,28
DA:255,0
DA:256,0
DA:259,28
DA:260,0
DA:261,0
DA:264,28
DA:265,0
DA:266,0
DA:269,28
DA:270,0
DA:271,0
DA:274,28
DA:275,0
DA:276,0
DA:279,28
DA:284,0
DA:289,0
DA:290,0
DA:292,0
DA:294,0
DA:296,0
DA:298,0
DA:300,0
DA:304,0
DA:309,0
DA:312,0
DA:324,0
DA:398,0
DA:412,0
DA:415,0
DA:423,0
DA:424,0
DA:454,0
DA:455,0
DA:481,0
DA:491,0
DA:523,0
LF:169
LH:45
BRDA:44,0,0,0
BRDA:44,0,1,0
BRDA:52,1,0,0
BRDA:52,1,1,0
BRDA:59,2,0,0
BRDA:59,2,1,0
BRDA:59,3,0,0
BRDA:59,3,1,0
BRDA:59,4,0,0
BRDA:59,4,1,0
BRDA:60,5,0,0
BRDA:60,5,1,0
BRDA:60,6,0,0
BRDA:60,6,1,0
BRDA:75,7,0,0
BRDA:75,7,1,0
BRDA:88,8,0,0
BRDA:88,8,1,0
BRDA:90,9,0,0
BRDA:90,9,1,0
BRDA:97,10,0,0
BRDA:97,10,1,0
BRDA:125,11,0,0
BRDA:125,11,1,0
BRDA:140,12,0,0
BRDA:140,12,1,0
BRDA:155,13,0,0
BRDA:155,13,1,0
BRDA:169,14,0,0
BRDA:169,14,1,0
BRDA:176,15,0,0
BRDA:176,15,1,0
BRDA:186,16,0,0
BRDA:186,16,1,0
BRDA:194,17,0,0
BRDA:194,17,1,0
BRDA:215,18,0,0
BRDA:215,18,1,0
BRDA:215,19,0,0
BRDA:215,19,1,0
BRDA:223,20,0,0
BRDA:223,20,1,0
BRDA:229,21,0,0
BRDA:229,21,1,0
BRDA:233,22,0,0
BRDA:233,22,1,0
BRDA:241,23,0,0
BRDA:241,23,1,0
BRDA:290,24,0,0
BRDA:290,24,1,0
BRDA:290,24,2,0
BRDA:290,24,3,0
BRDA:290,24,4,0
BRDA:311,25,0,0
BRDA:311,25,1,0
BRDA:315,26,0,0
BRDA:315,26,1,0
BRDA:331,27,0,0
BRDA:331,27,1,0
BRDA:332,28,0,0
BRDA:332,28,1,0
BRDA:334,29,0,0
BRDA:334,29,1,0
BRDA:337,30,0,0
BRDA:337,30,1,0
BRDA:341,31,0,0
BRDA:341,31,1,0
BRDA:356,32,0,0
BRDA:356,32,1,0
BRDA:358,33,0,0
BRDA:358,33,1,0
BRDA:359,34,0,0
BRDA:359,34,1,0
BRDA:360,35,0,0
BRDA:360,35,1,0
BRDA:361,36,0,0
BRDA:361,36,1,0
BRDA:362,37,0,0
BRDA:362,37,1,0
BRDA:366,38,0,0
BRDA:366,38,1,0
BRDA:367,39,0,0
BRDA:367,39,1,0
BRDA:369,40,0,0
BRDA:369,40,1,0
BRDA:370,41,0,0
BRDA:370,41,1,0
BRDA:374,42,0,0
BRDA:374,42,1,0
BRDA:419,43,0,0
BRDA:419,43,1,0
BRDA:459,44,0,0
BRDA:459,44,1,0
BRDA:470,45,0,0
BRDA:470,45,1,0
BRDA:478,46,0,0
BRDA:478,46,1,0
BRDA:511,47,0,0
BRDA:511,47,1,0
BRDA:520,48,0,0
BRDA:520,48,1,0
BRF:101
BRH:0
end_of_record
TN:
SF:client/src/pages/contacts/CreateContactModal.js
FN:6,(anonymous_0)
FN:22,(anonymous_1)
FN:24,(anonymous_2)
FN:30,(anonymous_3)
FN:51,(anonymous_4)
FN:59,(anonymous_5)
FN:85,(anonymous_6)
FNF:7
FNH:1
FNDA:2,(anonymous_0)
FNDA:0,(anonymous_1)
FNDA:0,(anonymous_2)
FNDA:0,(anonymous_3)
FNDA:0,(anonymous_4)
FNDA:0,(anonymous_5)
FNDA:0,(anonymous_6)
DA:6,2
DA:7,2
DA:17,2
DA:18,2
DA:19,2
DA:20,2
DA:22,2
DA:23,0
DA:24,0
DA:30,2
DA:31,0
DA:32,0
DA:33,0
DA:34,0
DA:35,0
DA:36,0
DA:38,0
DA:42,0
DA:44,0
DA:48,0
DA:50,0
DA:51,0
DA:53,0
DA:54,0
DA:59,2
DA:60,0
DA:62,0
DA:63,0
DA:64,0
DA:67,0
DA:68,0
DA:69,0
DA:71,0
DA:75,2
DA:77,2
DA:85,0
LF:36
LH:11
BRDA:32,0,0,0
BRDA:32,0,1,0
BRDA:42,1,0,0
BRDA:42,1,1,0
BRDA:48,2,0,0
BRDA:48,2,1,0
BRDA:62,3,0,0
BRDA:62,3,1,0
BRDA:62,4,0,0
BRDA:62,4,1,0
BRDA:62,4,2,0
BRDA:75,5,0,0
BRDA:75,5,1,2
BRDA:108,6,0,2
BRDA:108,6,1,0
BRF:15
BRH:2
end_of_record
TN:
SF:client/src/pages/dashboard/calendarView/AddAppointment.js
FN:6,(anonymous_0)
FN:25,(anonymous_1)
FN:34,(anonymous_2)
FN:51,(anonymous_3)
FN:57,(anonymous_4)
FN:72,(anonymous_5)
FN:86,(anonymous_6)
FN:92,(anonymous_7)
FN:94,(anonymous_8)
FN:96,(anonymous_9)
FN:103,(anonymous_10)
FN:119,(anonymous_11)
FN:120,(anonymous_12)
FN:128,(anonymous_13)
FN:132,(anonymous_14)
FN:136,(anonymous_15)
FN:145,(anonymous_16)
FN:157,(anonymous_17)
FN:158,(anonymous_18)
FN:203,(anonymous_19)
FN:206,(anonymous_20)
FN:259,(anonymous_21)
FN:278,(anonymous_22)
FNF:23
FNH:0
FNDA:0,(anonymous_0)
FNDA:0,(anonymous_1)
FNDA:0,(anonymous_2)
FNDA:0,(anonymous_3)
FNDA:0,(anonymous_4)
FNDA:0,(anonymous_5)
FNDA:0,(anonymous_6)
FNDA:0,(anonymous_7)
FNDA:0,(anonymous_8)
FNDA:0,(anonymous_9)
FNDA:0,(anonymous_10)
FNDA:0,(anonymous_11)
FNDA:0,(anonymous_12)
FNDA:0,(anonymous_13)
FNDA:0,(anonymous_14)
FNDA:0,(anonymous_15)
FNDA:0,(anonymous_16)
FNDA:0,(anonymous_17)
FNDA:0,(anonymous_18)
FNDA:0,(anonymous_19)
FNDA:0,(anonymous_20)
FNDA:0,(anonymous_21)
FNDA:0,(anonymous_22)
DA:6,1
DA:7,0
DA:8,0
DA:9,0
DA:10,0
DA:11,0
DA:12,0
DA:13,0
DA:22,0
DA:23,0
DA:25,0
DA:26,0
DA:27,0
DA:28,0
DA:30,0
DA:34,0
DA:35,0
DA:36,0
DA:42,0
DA:43,0
DA:44,0
DA:45,0
DA:47,0
DA:51,0
DA:52,0
DA:53,0
DA:57,0
DA:58,0
DA:59,0
DA:64,0
DA:65,0
DA:66,0
DA:68,0
DA:72,0
DA:73,0
DA:74,0
DA:79,0
DA:80,0
DA:82,0
DA:86,0
DA:87,0
DA:88,0
DA:92,0
DA:93,0
DA:94,0
DA:95,0
DA:96,0
DA:97,0
DA:103,0
DA:104,0
DA:105,0
DA:112,0
DA:113,0
DA:115,0
DA:119,0
DA:120,0
DA:121,0
DA:125,0
DA:128,0
DA:129,0
DA:130,0
DA:131,0
DA:132,0
DA:133,0
DA:136,0
DA:137,0
DA:138,0
DA:139,0
DA:140,0
DA:141,0
DA:145,0
DA:146,0
DA:147,0
DA:148,0
DA:153,0
DA:154,0
DA:156,0
DA:157,0
DA:158,0
DA:160,0
DA:161,0
DA:163,0
DA:164,0
DA:167,0
DA:171,0
DA:204,0
DA:206,0
DA:260,0
DA:279,0
LF:89
LH:1
BRDA:14,0,0,0
BRDA:14,0,1,0
BRDA:27,1,0,0
BRDA:27,1,1,0
BRDA:42,2,0,0
BRDA:42,2,1,0
BRDA:52,3,0,0
BRDA:52,3,1,0
BRDA:64,4,0,0
BRDA:64,4,1,0
BRDA:79,5,0,0
BRDA:79,5,1,0
BRDA:87,6,0,0
BRDA:87,6,1,0
BRDA:87,7,0,0
BRDA:87,7,1,0
BRDA:95,8,0,0
BRDA:95,8,1,0
BRDA:95,9,0,0
BRDA:95,9,1,0
BRDA:112,10,0,0
BRDA:112,10,1,0
BRDA:121,11,0,0
BRDA:121,11,1,0
BRDA:121,11,2,0
BRDA:139,12,0,0
BRDA:139,12,1,0
BRDA:153,13,0,0
BRDA:153,13,1,0
BRDA:160,14,0,0
BRDA:160,14,1,0
BRDA:161,15,0,0
BRDA:161,15,1,0
BRDA:176,16,0,0
BRDA:176,16,1,0
BRDA:178,17,0,0
BRDA:178,17,1,0
BRDA:201,18,0,0
BRDA:201,18,1,0
BRDA:201,18,2,0
BRDA:201,18,3,0
BRDA:218,19,0,0
BRDA:218,19,1,0
BRDA:226,20,0,0
BRDA:226,20,1,0
BRDA:237,21,0,0
BRDA:237,21,1,0
BRDA:256,22,0,0
BRDA:256,22,1,0
BRF:49
BRH:0
end_of_record
TN:
SF:client/src/pages/patients/financial/Financial.js
FN:10,(anonymous_0)
FN:17,(anonymous_1)
FN:33,(anonymous_2)
FN:48,(anonymous_3)
FN:55,(anonymous_4)
FN:60,(anonymous_5)
FN:66,(anonymous_6)
FN:111,(anonymous_7)
FN:115,(anonymous_8)
FN:147,(anonymous_9)
FN:160,(anonymous_10)
FN:173,(anonymous_11)
FN:186,(anonymous_12)
FN:194,(anonymous_13)
FN:241,(anonymous_14)
FN:242,(anonymous_15)
FN:261,(anonymous_16)
FN:270,(anonymous_17)
FN:280,(anonymous_18)
FN:311,(anonymous_19)
FN:312,(anonymous_20)
FN:331,(anonymous_21)
FN:340,(anonymous_22)
FN:350,(anonymous_23)
FN:378,(anonymous_24)
FN:379,(anonymous_25)
FN:418,(anonymous_26)
FN:419,(anonymous_27)
FNF:28
FNH:1
FNDA:13,(anonymous_0)
FNDA:0,(anonymous_1)
FNDA:0,(anonymous_2)
FNDA:0,(anonymous_3)
FNDA:0,(anonymous_4)
FNDA:0,(anonymous_5)
FNDA:0,(anonymous_6)
FNDA:0,(anonymous_7)
FNDA:0,(anonymous_8)
FNDA:0,(anonymous_9)
FNDA:0,(anonymous_10)
FNDA:0,(anonymous_11)
FNDA:0,(anonymous_12)
FNDA:0,(anonymous_13)
FNDA:0,(anonymous_14)
FNDA:0,(anonymous_15)
FNDA:0,(anonymous_16)
FNDA:0,(anonymous_17)
FNDA:0,(anonymous_18)
FNDA:0,(anonymous_19)
FNDA:0,(anonymous_20)
FNDA:0,(anonymous_21)
FNDA:0,(anonymous_22)
FNDA:0,(anonymous_23)
FNDA:0,(anonymous_24)
FNDA:0,(anonymous_25)
FNDA:0,(anonymous_26)
FNDA:0,(anonymous_27)
DA:10,1
DA:11,13
DA:12,13
DA:13,12
DA:14,12
DA:15,12
DA:17,12
DA:18,0
DA:19,0
DA:24,0
DA:25,0
DA:27,0
DA:28,0
DA:33,12
DA:34,0
DA:35,0
DA:40,0
DA:41,0
DA:43,0
DA:48,12
DA:49,0
DA:50,0
DA:51,0
DA:55,12
DA:56,0
DA:57,0
DA:60,12
DA:61,0
DA:62,0
DA:66,12
DA:67,0
DA:68,0
DA:70,0
DA:82,0
DA:83,0
DA:85,0
DA:89,0
DA:93,0
DA:94,0
DA:96,0
DA:100,0
DA:102,0
DA:111,12
DA:112,0
DA:115,12
DA:116,0
DA:126,0
DA:127,0
DA:131,0
DA:134,0
DA:139,0
DA:140,0
DA:142,0
DA:143,0
DA:147,12
DA:148,0
DA:153,0
DA:154,0
DA:156,0
DA:160,12
DA:161,0
DA:166,0
DA:167,0
DA:169,0
DA:173,12
DA:174,0
DA:179,0
DA:180,0
DA:182,0
DA:186,12
DA:187,0
DA:194,12
DA:195,0
DA:197,0
DA:199,0
DA:201,0
DA:203,0
DA:205,0
DA:209,12
DA:241,0
DA:243,0
DA:261,0
DA:271,0
DA:280,0
DA:311,0
DA:313,0
DA:331,0
DA:341,0
DA:350,0
DA:378,0
DA:380,0
DA:418,0
DA:420,0
LF:93
LH:20
BRDA:18,0,0,0
BRDA:18,0,1,0
BRDA:24,1,0,0
BRDA:24,1,1,0
BRDA:34,2,0,0
BRDA:34,2,1,0
BRDA:40,3,0,0
BRDA:40,3,1,0
BRDA:68,4,0,0
BRDA:68,4,1,0
BRDA:82,5,0,0
BRDA:82,5,1,0
BRDA:93,6,0,0
BRDA:93,6,1,0
BRDA:126,7,0,0
BRDA:126,7,1,0
BRDA:139,8,0,0
BRDA:139,8,1,0
BRDA:153,9,0,0
BRDA:153,9,1,0
BRDA:166,10,0,0
BRDA:166,10,1,0
BRDA:179,11,0,0
BRDA:179,11,1,0
BRDA:195,12,0,0
BRDA:195,12,1,0
BRDA:195,12,2,0
BRDA:195,12,3,0
BRDA:195,12,4,0
BRF:29
BRH:0
end_of_record
